000 :    0       0002:  CLRA
001 :   55       0004:  AISC 5
002 :    d       0005:  LBI  0,14
003 :    6       0007:  X   0
004 :    e       0010:  LBI  0,15
005 :    0       0011:  CLRA
006 :   54       0012:  AISC  4
007 :   bf       0013:  LQID
008 :    d       0015:  LBI  0,14
009 :    5       0016:  LD   0
00a :   4b       0017:  SMB  3
00b : 333a       0018:  OMG
00d :    6       0019:  X   0
00e :    5       0020:  LD   0
00f :   50       0021:  CAB
010 : 333e       0022:  OBD
012 :   4e       0024:  CBA
013 :   40       0025:  COMP
014 : 238e       0026:  XAD  0,14
016 : 230f       0028:  LDD  0,15
018 :   51       0029:  AISC  1
019 :   44       0030:  NOP
01a : 238f       0031:  XAD  0,15
01c : 3339       0033:  IT
01e :   41       0034:  SKT
01f :   44       0035:  NOP
020 : 230f       0037:  LDD  0,15
022 :   58       0038:  AISC  8
023 :   c4       0039:  JP   LOOP
024 :    e       0041:  LBI  0,15
025 :   43       0042:  RMB  3
026 :   1e       0043:  LBI  1,15
027 :    5       0045:  LD   0
028 :   51       0046:  AISC  1
029 :   c3       0047:  JP   SAVE0
02a :    4       0048:  XIS  0
02b :   e7       0049:  JP   NEXTCOUNTER
02c : 230e       0051:  LDD  0,14
02e :   51       0052:  AISC  1
02f :   44       0053:  NOP
030 : 238e       0054:  XAD  0,14
032 :   c4       0055:  JP   LOOP
033 : 3338       0056:  HALT
040 :    1       0066:  BYTE   $01
041 :    2       0067:  BYTE   $02
042 :    4       0068:  BYTE   $04
043 :    8       0069:  BYTE   $08
044 :   10       0070:  BYTE   $10
045 :   20       0071:  BYTE   $20
046 :   40       0072:  BYTE   $40
047 :   80       0073:  BYTE   $80
